#
# There is insufficient memory for the Java Runtime Environment to continue.
# Native memory allocation (mmap) failed to map 88080384 bytes for committing reserved memory.
# Possible reasons:
#   The system is out of physical RAM or swap space
#   The process is running with CompressedOops enabled, and the Java Heap may be blocking the growth of the native heap
# Possible solutions:
#   Reduce memory load on the system
#   Increase physical memory or swap space
#   Check if swap backing store is full
#   Decrease Java heap size (-Xmx/-Xms)
#   Decrease number of Java threads
#   Decrease Java thread stack sizes (-Xss)
#   Set larger code cache with -XX:ReservedCodeCacheSize=
#   JVM is running with Unscaled Compressed Oops mode in which the Java heap is
#     placed in the first 4GB address space. The Java Heap base address is the
#     maximum limit for the native heap growth. Please use -XX:HeapBaseMinAddress
#     to set the Java Heap base and to place the Java Heap above 4GB virtual address.
# This output file may be truncated or incomplete.
#
#  Out of Memory Error (os_linux.cpp:2757), pid=25149, tid=0x00007f2deffff700
#
# JRE version: OpenJDK Runtime Environment (8.0_232-b09) (build 1.8.0_232-8u232-b09-1~deb9u1-b09)
# Java VM: OpenJDK 64-Bit Server VM (25.232-b09 mixed mode linux-amd64 compressed oops)
# Failed to write core dump. Core dumps have been disabled. To enable core dumping, try "ulimit -c unlimited" before starting Java again
#

---------------  T H R E A D  ---------------

Current thread (0x00007f2e1407c000):  VMThread [stack: 0x00007f2deff00000,0x00007f2df0000000] [id=25156]

Stack: [0x00007f2deff00000,0x00007f2df0000000],  sp=0x00007f2defffe4b0,  free space=1017k
Native frames: (J=compiled Java code, j=interpreted, Vv=VM code, C=native code)
V  [libjvm.so+0xa7dc70]
V  [libjvm.so+0x4cd0bc]
V  [libjvm.so+0x8ccd48]
V  [libjvm.so+0x8c404e]
V  [libjvm.so+0x94220e]
V  [libjvm.so+0x943593]
V  [libjvm.so+0x93fbe9]
V  [libjvm.so+0x938939]
V  [libjvm.so+0x44e243]
V  [libjvm.so+0xa7f169]
V  [libjvm.so+0xa84a67]
V  [libjvm.so+0xa82267]
V  [libjvm.so+0xa83546]
V  [libjvm.so+0xa83a72]
V  [libjvm.so+0x8ca132]

VM_Operation (0x00007f2dc7bbea60): CollectForMetadataAllocation, mode: safepoint, requested by thread 0x00007f2dc0002800


---------------  P R O C E S S  ---------------

Java Threads: ( => current thread )
  0x00007f2db8a4f800 JavaThread "HikariPool-1 housekeeper" daemon [_thread_blocked, id=25229, stack(0x00007f2dc5aac000,0x00007f2dc5bad000)]
  0x00007f2db8ba6800 JavaThread "container-0" [_thread_blocked, id=25220, stack(0x00007f2dc5dad000,0x00007f2dc5eae000)]
  0x00007f2db0061800 JavaThread "Catalina-utility-2" [_thread_blocked, id=25219, stack(0x00007f2dc79c8000,0x00007f2dc7ac9000)]
  0x00007f2db8b9e800 JavaThread "Catalina-utility-1" [_thread_blocked, id=25218, stack(0x00007f2dc6aba000,0x00007f2dc6bbb000)]
  0x00007f2dc0002800 JavaThread "restartedMain" [_thread_blocked, id=25170, stack(0x00007f2dc7ac9000,0x00007f2dc7bca000)]
  0x00007f2e142f4800 JavaThread "Thread-0" [_thread_blocked, id=25169, stack(0x00007f2dc7bca000,0x00007f2dc7ccb000)]
  0x00007f2e140de000 JavaThread "Service Thread" daemon [_thread_blocked, id=25163, stack(0x00007f2def656000,0x00007f2def757000)]
  0x00007f2e140c1000 JavaThread "C1 CompilerThread2" daemon [_thread_blocked, id=25162, stack(0x00007f2def758000,0x00007f2def858000)]
  0x00007f2e140bf000 JavaThread "C2 CompilerThread1" daemon [_thread_blocked, id=25161, stack(0x00007f2def859000,0x00007f2def959000)]
  0x00007f2e140bc000 JavaThread "C2 CompilerThread0" daemon [_thread_blocked, id=25160, stack(0x00007f2def95a000,0x00007f2defa5a000)]
  0x00007f2e140ba800 JavaThread "Signal Dispatcher" daemon [_thread_blocked, id=25159, stack(0x00007f2defa5a000,0x00007f2defb5b000)]
  0x00007f2e14088800 JavaThread "Finalizer" daemon [_thread_blocked, id=25158, stack(0x00007f2defcfd000,0x00007f2defdfe000)]
  0x00007f2e14086000 JavaThread "Reference Handler" daemon [_thread_blocked, id=25157, stack(0x00007f2defdfe000,0x00007f2defeff000)]
  0x00007f2e1400e800 JavaThread "main" [_thread_blocked, id=25151, stack(0x00007f2e1c81f000,0x00007f2e1c91f000)]

Other Threads:
=>0x00007f2e1407c000 VMThread [stack: 0x00007f2deff00000,0x00007f2df0000000] [id=25156]
  0x00007f2e140e0800 WatcherThread [stack: 0x00007f2def556000,0x00007f2def656000] [id=25164]

VM state:at safepoint (normal execution)

VM Mutex/Monitor currently owned by a thread:  ([mutex/lock_event])
[0x00007f2e1400ae90] Threads_lock - owner thread: 0x00007f2e1407c000
[0x00007f2e1400b390] Heap_lock - owner thread: 0x00007f2dc0002800

heap address: 0x0000000092200000, size: 1758 MB, Compressed Oops mode: 32-bit
Narrow klass base: 0x0000000000000000, Narrow klass shift: 3
Compressed class space size: 1073741824 Address: 0x0000000100000000

Heap:
 PSYoungGen      total 247296K, used 13149K [0x00000000db600000, 0x00000000ec180000, 0x0000000100000000)
  eden space 229376K, 0% used [0x00000000db600000,0x00000000db600000,0x00000000e9600000)
  from space 17920K, 73% used [0x00000000e9600000,0x00000000ea2d75b8,0x00000000ea780000)
  to   space 15872K, 0% used [0x00000000ea780000,0x00000000ea780000,0x00000000eb700000)
 ParOldGen       total 65536K, used 19786K [0x0000000092200000, 0x0000000096200000, 0x00000000db600000)
  object space 65536K, 30% used [0x0000000092200000,0x00000000935528c0,0x0000000096200000)
 Metaspace       used 56228K, capacity 58856K, committed 59008K, reserved 1099776K
  class space    used 7473K, capacity 7962K, committed 8064K, reserved 1048576K

Card table byte_map: [0x00007f2e18b4b000,0x00007f2e18ebb000] byte_map_base: 0x00007f2e186ba000

Marking Bits: (ParMarkBitMap*) 0x00007f2e1bb04560
 Begin Bits: [0x00007f2dfc910000, 0x00007f2dfe488000)
 End Bits:   [0x00007f2dfe488000, 0x00007f2e00000000)

Polling page: 0x00007f2e1c941000

CodeCache: size=245760Kb used=15807Kb max_used=15817Kb free=229952Kb
 bounds [0x00007f2e05000000, 0x00007f2e05f90000, 0x00007f2e14000000]
 total_blobs=4584 nmethods=4064 adapters=434
 compilation: enabled

Compilation events (10 events):
Event: 242,184 Thread 0x00007f2e140c1000 nmethod 4798 0x00007f2e05f59750 code [0x00007f2e05f59900, 0x00007f2e05f59e08]
Event: 242,184 Thread 0x00007f2e140c1000 4799       3       org.springframework.core.io.ResourceEditor::<init> (26 bytes)
Event: 242,185 Thread 0x00007f2e140c1000 nmethod 4799 0x00007f2e05f57690 code [0x00007f2e05f57820, 0x00007f2e05f57cc8]
Event: 242,185 Thread 0x00007f2e140bf000 nmethod 4796 0x00007f2e05f58b90 code [0x00007f2e05f58d20, 0x00007f2e05f59338]
Event: 242,189 Thread 0x00007f2e140c1000 4800       3       java.lang.Integer::formatUnsignedInt (48 bytes)
Event: 242,189 Thread 0x00007f2e140c1000 nmethod 4800 0x00007f2e05f71010 code [0x00007f2e05f71180, 0x00007f2e05f713f0]
Event: 242,202 Thread 0x00007f2e140bc000 4801       4       org.springframework.core.BridgeMethodResolver::findBridgedMethod (106 bytes)
Event: 242,222 Thread 0x00007f2e140bc000 nmethod 4801 0x00007f2e05f6c1d0 code [0x00007f2e05f6c3e0, 0x00007f2e05f6ce28]
Event: 242,447 Thread 0x00007f2e140c1000 4802       3       sun.reflect.UnsafeFieldAccessorImpl::ensureObj (23 bytes)
Event: 242,449 Thread 0x00007f2e140c1000 nmethod 4802 0x00007f2e05f701d0 code [0x00007f2e05f703a0, 0x00007f2e05f70cf8]

GC Heap History (10 events):
Event: 7,628 GC heap after
Heap after GC invocations=8 (full 1):
 PSYoungGen      total 115712K, used 10228K [0x00000000db600000, 0x00000000e7300000, 0x0000000100000000)
  eden space 105472K, 0% used [0x00000000db600000,0x00000000db600000,0x00000000e1d00000)
  from space 10240K, 99% used [0x00000000e1d00000,0x00000000e26fd310,0x00000000e2700000)
  to   space 12288K, 0% used [0x00000000e6700000,0x00000000e6700000,0x00000000e7300000)
 ParOldGen       total 48128K, used 10467K [0x0000000092200000, 0x0000000095100000, 0x00000000db600000)
  object space 48128K, 21% used [0x0000000092200000,0x0000000092c38cd8,0x0000000095100000)
 Metaspace       used 26573K, capacity 27524K, committed 27648K, reserved 1073152K
  class space    used 3339K, capacity 3552K, committed 3584K, reserved 1048576K
}
Event: 12,077 GC heap before
{Heap before GC invocations=9 (full 1):
 PSYoungGen      total 115712K, used 115683K [0x00000000db600000, 0x00000000e7300000, 0x0000000100000000)
  eden space 105472K, 99% used [0x00000000db600000,0x00000000e1cfbb08,0x00000000e1d00000)
  from space 10240K, 99% used [0x00000000e1d00000,0x00000000e26fd310,0x00000000e2700000)
  to   space 12288K, 0% used [0x00000000e6700000,0x00000000e6700000,0x00000000e7300000)
 ParOldGen       total 48128K, used 10467K [0x0000000092200000, 0x0000000095100000, 0x00000000db600000)
  object space 48128K, 21% used [0x0000000092200000,0x0000000092c38cd8,0x0000000095100000)
 Metaspace       used 32253K, capacity 33876K, committed 34176K, reserved 1079296K
  class space    used 4043K, capacity 4362K, committed 4480K, reserved 1048576K
Event: 12,100 GC heap after
Heap after GC invocations=9 (full 1):
 PSYoungGen      total 178688K, used 12278K [0x00000000db600000, 0x00000000e7e80000, 0x0000000100000000)
  eden space 166400K, 0% used [0x00000000db600000,0x00000000db600000,0x00000000e5880000)
  from space 12288K, 99% used [0x00000000e6700000,0x00000000e72fd978,0x00000000e7300000)
  to   space 14848K, 0% used [0x00000000e5880000,0x00000000e5880000,0x00000000e6700000)
 ParOldGen       total 48128K, used 11436K [0x0000000092200000, 0x0000000095100000, 0x00000000db600000)
  object space 48128K, 23% used [0x0000000092200000,0x0000000092d2b210,0x0000000095100000)
 Metaspace       used 32253K, capacity 33876K, committed 34176K, reserved 1079296K
  class space    used 4043K, capacity 4362K, committed 4480K, reserved 1048576K
}
Event: 13,393 GC heap before
{Heap before GC invocations=10 (full 1):
 PSYoungGen      total 178688K, used 99525K [0x00000000db600000, 0x00000000e7e80000, 0x0000000100000000)
  eden space 166400K, 52% used [0x00000000db600000,0x00000000e0b33b58,0x00000000e5880000)
  from space 12288K, 99% used [0x00000000e6700000,0x00000000e72fd978,0x00000000e7300000)
  to   space 14848K, 0% used [0x00000000e5880000,0x00000000e5880000,0x00000000e6700000)
 ParOldGen       total 48128K, used 11436K [0x0000000092200000, 0x0000000095100000, 0x00000000db600000)
  object space 48128K, 23% used [0x0000000092200000,0x0000000092d2b210,0x0000000095100000)
 Metaspace       used 33684K, capacity 35310K, committed 35416K, reserved 1081344K
  class space    used 4198K, capacity 4507K, committed 4608K, reserved 1048576K
Event: 13,416 GC heap after
Heap after GC invocations=10 (full 1):
 PSYoungGen      total 181248K, used 10555K [0x00000000db600000, 0x00000000eb700000, 0x0000000100000000)
  eden space 166400K, 0% used [0x00000000db600000,0x00000000db600000,0x00000000e5880000)
  from space 14848K, 71% used [0x00000000e5880000,0x00000000e62cecc8,0x00000000e6700000)
  to   space 15872K, 0% used [0x00000000ea780000,0x00000000ea780000,0x00000000eb700000)
 ParOldGen       total 48128K, used 12791K [0x0000000092200000, 0x0000000095100000, 0x00000000db600000)
  object space 48128K, 26% used [0x0000000092200000,0x0000000092e7dc68,0x0000000095100000)
 Metaspace       used 33684K, capacity 35310K, committed 35416K, reserved 1081344K
  class space    used 4198K, capacity 4507K, committed 4608K, reserved 1048576K
}
Event: 13,416 GC heap before
{Heap before GC invocations=11 (full 2):
 PSYoungGen      total 181248K, used 10555K [0x00000000db600000, 0x00000000eb700000, 0x0000000100000000)
  eden space 166400K, 0% used [0x00000000db600000,0x00000000db600000,0x00000000e5880000)
  from space 14848K, 71% used [0x00000000e5880000,0x00000000e62cecc8,0x00000000e6700000)
  to   space 15872K, 0% used [0x00000000ea780000,0x00000000ea780000,0x00000000eb700000)
 ParOldGen       total 48128K, used 12791K [0x0000000092200000, 0x0000000095100000, 0x00000000db600000)
  object space 48128K, 26% used [0x0000000092200000,0x0000000092e7dc68,0x0000000095100000)
 Metaspace       used 33684K, capacity 35310K, committed 35416K, reserved 1081344K
  class space    used 4198K, capacity 4507K, committed 4608K, reserved 1048576K
Event: 13,517 GC heap after
Heap after GC invocations=11 (full 2):
 PSYoungGen      total 181248K, used 0K [0x00000000db600000, 0x00000000eb700000, 0x0000000100000000)
  eden space 166400K, 0% used [0x00000000db600000,0x00000000db600000,0x00000000e5880000)
  from space 14848K, 0% used [0x00000000e5880000,0x00000000e5880000,0x00000000e6700000)
  to   space 15872K, 0% used [0x00000000ea780000,0x00000000ea780000,0x00000000eb700000)
 ParOldGen       total 65536K, used 15781K [0x0000000092200000, 0x0000000096200000, 0x00000000db600000)
  object space 65536K, 24% used [0x0000000092200000,0x0000000093169640,0x0000000096200000)
 Metaspace       used 33684K, capacity 35310K, committed 35416K, reserved 1081344K
  class space    used 4198K, capacity 4507K, committed 4608K, reserved 1048576K
}
Event: 76,629 GC heap before
{Heap before GC invocations=12 (full 2):
 PSYoungGen      total 181248K, used 166400K [0x00000000db600000, 0x00000000eb700000, 0x0000000100000000)
  eden space 166400K, 100% used [0x00000000db600000,0x00000000e5880000,0x00000000e5880000)
  from space 14848K, 0% used [0x00000000e5880000,0x00000000e5880000,0x00000000e6700000)
  to   space 15872K, 0% used [0x00000000ea780000,0x00000000ea780000,0x00000000eb700000)
 ParOldGen       total 65536K, used 15781K [0x0000000092200000, 0x0000000096200000, 0x00000000db600000)
  object space 65536K, 24% used [0x0000000092200000,0x0000000093169640,0x0000000096200000)
 Metaspace       used 48161K, capacity 49964K, committed 50176K, reserved 1093632K
  class space    used 6270K, capacity 6580K, committed 6656K, reserved 1048576K
Event: 80,888 GC heap after
Heap after GC invocations=12 (full 2):
 PSYoungGen      total 245248K, used 15619K [0x00000000db600000, 0x00000000ec180000, 0x0000000100000000)
  eden space 229376K, 0% used [0x00000000db600000,0x00000000db600000,0x00000000e9600000)
  from space 15872K, 98% used [0x00000000ea780000,0x00000000eb6c0f08,0x00000000eb700000)
  to   space 17920K, 0% used [0x00000000e9600000,0x00000000e9600000,0x00000000ea780000)
 ParOldGen       total 65536K, used 15781K [0x0000000092200000, 0x0000000096200000, 0x00000000db600000)
  object space 65536K, 24% used [0x0000000092200000,0x0000000093169640,0x0000000096200000)
 Metaspace       used 48161K, capacity 49964K, committed 50176K, reserved 1093632K
  class space    used 6270K, capacity 6580K, committed 6656K, reserved 1048576K
}
Event: 242,812 GC heap before
{Heap before GC invocations=13 (full 2):
 PSYoungGen      total 245248K, used 202218K [0x00000000db600000, 0x00000000ec180000, 0x0000000100000000)
  eden space 229376K, 81% used [0x00000000db600000,0x00000000e6c39cf0,0x00000000e9600000)
  from space 15872K, 98% used [0x00000000ea780000,0x00000000eb6c0f08,0x00000000eb700000)
  to   space 17920K, 0% used [0x00000000e9600000,0x00000000e9600000,0x00000000ea780000)
 ParOldGen       total 65536K, used 15781K [0x0000000092200000, 0x0000000096200000, 0x00000000db600000)
  object space 65536K, 24% used [0x0000000092200000,0x0000000093169640,0x0000000096200000)
 Metaspace       used 56228K, capacity 58856K, committed 59008K, reserved 1099776K
  class space    used 7473K, capacity 7962K, committed 8064K, reserved 1048576K

Deoptimization events (10 events):
Event: 234,703 Thread 0x00007f2dc0002800 Uncommon trap: reason=unstable_if action=reinterpret pc=0x00007f2e05b9c6c8 method=java.util.concurrent.ConcurrentHashMap.putVal(Ljava/lang/Object;Ljava/lang/Object;Z)Ljava/lang/Object; @ 331
Event: 234,861 Thread 0x00007f2dc0002800 Uncommon trap: reason=unstable_if action=reinterpret pc=0x00007f2e05c885a0 method=java.util.concurrent.ConcurrentHashMap.get(Ljava/lang/Object;)Ljava/lang/Object; @ 86
Event: 235,570 Thread 0x00007f2dc0002800 Uncommon trap: reason=unstable_if action=reinterpret pc=0x00007f2e0572f59c method=java.util.regex.Pattern$CharProperty.match(Ljava/util/regex/Matcher;ILjava/lang/CharSequence;)Z @ 40
Event: 236,623 Thread 0x00007f2dc0002800 Uncommon trap: reason=unstable_if action=reinterpret pc=0x00007f2e059b13a8 method=java.util.IdentityHashMap.nextKeyIndex(II)I @ 4
Event: 236,628 Thread 0x00007f2dc0002800 Uncommon trap: reason=unstable_if action=reinterpret pc=0x00007f2e05e25a88 method=org.springframework.core.annotation.AnnotatedElementUtils.searchWithFindSemantics(Ljava/lang/reflect/AnnotatedElement;Ljava/util/Set;Ljava/lang/String;Ljava/lang/Class;Lorg/
Event: 237,428 Thread 0x00007f2dc0002800 Uncommon trap: reason=unstable_if action=reinterpret pc=0x00007f2e052d6248 method=org.springframework.core.BridgeMethodResolver.isBridgedCandidateFor(Ljava/lang/reflect/Method;Ljava/lang/reflect/Method;)Z @ 37
Event: 237,992 Thread 0x00007f2dc0002800 Uncommon trap: reason=null_check action=make_not_entrant pc=0x00007f2e05d0ff68 method=org.springframework.beans.factory.support.DefaultSingletonBeanRegistry.getSingleton(Ljava/lang/String;Z)Ljava/lang/Object; @ 60
Event: 238,692 Thread 0x00007f2dc0002800 Uncommon trap: reason=unstable_if action=reinterpret pc=0x00007f2e056f7dd0 method=org.springframework.core.annotation.AnnotationUtils.findAnnotation(Ljava/lang/Class;Ljava/lang/Class;Ljava/util/Set;)Ljava/lang/annotation/Annotation; @ 77
Event: 239,794 Thread 0x00007f2dc0002800 Uncommon trap: reason=unstable_if action=reinterpret pc=0x00007f2e05889a28 method=org.springframework.util.CollectionUtils.isEmpty(Ljava/util/Collection;)Z @ 10
Event: 241,110 Thread 0x00007f2dc0002800 Uncommon trap: reason=unstable_if action=reinterpret pc=0x00007f2e053e5e08 method=java.util.concurrent.ConcurrentHashMap.transfer([Ljava/util/concurrent/ConcurrentHashMap$Node;[Ljava/util/concurrent/ConcurrentHashMap$Node;)V @ 356

Classes redefined (0 events):
No events

Internal exceptions (10 events):
Event: 242,211 Thread 0x00007f2dc0002800 Exception <a 'java/lang/ClassNotFoundException': org/springframework/http/converter/AbstractHttpMessageConverterCustomizer> (0x00000000e6807310) thrown at [/build/openjdk-8-8u232-b09/src/hotspot/src/share/vm/classfile/systemDictionary.cpp, line 210]
Event: 242,212 Thread 0x00007f2dc0002800 Exception <a 'java/lang/ClassNotFoundException': org/springframework/http/converter/AbstractGenericHttpMessageConverterCustomizer> (0x00000000e68319a8) thrown at [/build/openjdk-8-8u232-b09/src/hotspot/src/share/vm/classfile/systemDictionary.cpp, line 210
Event: 242,212 Thread 0x00007f2dc0002800 Exception <a 'java/lang/ClassNotFoundException': org/springframework/http/converter/json/AbstractJackson2HttpMessageConverterCustomizer> (0x00000000e6858830) thrown at [/build/openjdk-8-8u232-b09/src/hotspot/src/share/vm/classfile/systemDictionary.cpp, li
Event: 242,213 Thread 0x00007f2dc0002800 Exception <a 'java/lang/ClassNotFoundException': org/springframework/http/converter/json/MappingJackson2HttpMessageConverterCustomizer> (0x00000000e68857e0) thrown at [/build/openjdk-8-8u232-b09/src/hotspot/src/share/vm/classfile/systemDictionary.cpp, lin
Event: 242,214 Thread 0x00007f2dc0002800 Exception <a 'java/lang/ClassNotFoundException': org/springframework/hateoas/mvc/TypeConstrainedMappingJackson2HttpMessageConverterCustomizer> (0x00000000e68ae840) thrown at [/build/openjdk-8-8u232-b09/src/hotspot/src/share/vm/classfile/systemDictionary.c
Event: 242,214 Thread 0x00007f2dc0002800 Exception <a 'java/lang/ClassNotFoundException': org/springframework/data/rest/webmvc/config/RepositoryRestMvcConfiguration$ResourceSupportHttpMessageConverterCustomizer> (0x00000000e68e4788) thrown at [/build/openjdk-8-8u232-b09/src/hotspot/src/share/vm/
Event: 242,215 Thread 0x00007f2dc0002800 Exception <a 'java/lang/ClassNotFoundException': org/springframework/core/OrderedCustomizer> (0x00000000e6905958) thrown at [/build/openjdk-8-8u232-b09/src/hotspot/src/share/vm/classfile/systemDictionary.cpp, line 210]
Event: 242,215 Thread 0x00007f2dc0002800 Exception <a 'java/lang/ClassNotFoundException': org/springframework/http/converter/GenericHttpMessageConverterCustomizer> (0x00000000e6924970) thrown at [/build/openjdk-8-8u232-b09/src/hotspot/src/share/vm/classfile/systemDictionary.cpp, line 210]
Event: 242,215 Thread 0x00007f2dc0002800 Exception <a 'java/lang/ClassNotFoundException': org/springframework/http/converter/HttpMessageConverterCustomizer> (0x00000000e69437b8) thrown at [/build/openjdk-8-8u232-b09/src/hotspot/src/share/vm/classfile/systemDictionary.cpp, line 210]
Event: 242,216 Thread 0x00007f2dc0002800 Exception <a 'java/lang/ClassNotFoundException': org/springframework/http/converter/HttpMessageConverterCustomizer> (0x00000000e6963c88) thrown at [/build/openjdk-8-8u232-b09/src/hotspot/src/share/vm/classfile/systemDictionary.cpp, line 210]

Events (10 events):
Event: 242,446 loading class org/joda/time/LocalDate done
Event: 242,447 loading class org/joda/time$LocalDate
Event: 242,447 loading class org/joda/time$LocalDate done
Event: 242,450 loading class org/springframework/hateoas/TemplateVariable
Event: 242,450 loading class org/springframework/hateoas/TemplateVariable done
Event: 242,545 loading class org/springframework/web/util/OpaqueUriComponents
Event: 242,545 loading class org/springframework/web/util/OpaqueUriComponents done
Event: 242,568 loading class org/springframework/web/util/HierarchicalUriComponents
Event: 242,568 loading class org/springframework/web/util/HierarchicalUriComponents done
Event: 242,723 Executing VM operation: CollectForMetadataAllocation


Dynamic libraries:
92200000-96200000 rw-p 00000000 00:00 0 
96200000-96b80000 ---p 00000000 00:00 0 
96b80000-db600000 ---p 00000000 00:00 0 
db600000-ec180000 rw-p 00000000 00:00 0 
f1580000-100000000 ---p 00000000 00:00 0 
100000000-1007e0000 rw-p 00000000 00:00 0 
1007e0000-140000000 ---p 00000000 00:00 0 
563081fd4000-563081fd5000 r-xp 00000000 08:03 3414255                    /usr/lib/jvm/java-8-openjdk-amd64/jre/bin/java
5630821d4000-5630821d5000 r--p 00000000 08:03 3414255                    /usr/lib/jvm/java-8-openjdk-amd64/jre/bin/java
5630821d5000-5630821d6000 rw-p 00001000 08:03 3414255                    /usr/lib/jvm/java-8-openjdk-amd64/jre/bin/java
56308295f000-563082980000 rw-p 00000000 00:00 0                          [heap]
7f2da8000000-7f2da8021000 rw-p 00000000 00:00 0 
7f2da8021000-7f2dac000000 ---p 00000000 00:00 0 
7f2dac000000-7f2dac021000 rw-p 00000000 00:00 0 
7f2dac021000-7f2db0000000 ---p 00000000 00:00 0 
7f2db0000000-7f2db0063000 rw-p 00000000 00:00 0 
7f2db0063000-7f2db4000000 ---p 00000000 00:00 0 
7f2db4000000-7f2db4021000 rw-p 00000000 00:00 0 
7f2db4021000-7f2db8000000 ---p 00000000 00:00 0 
7f2db8000000-7f2db91ab000 rw-p 00000000 00:00 0 
7f2db91ab000-7f2dbc000000 ---p 00000000 00:00 0 
7f2dbc000000-7f2dbc3a1000 rw-p 00000000 00:00 0 
7f2dbc3a1000-7f2dc0000000 ---p 00000000 00:00 0 
7f2dc0000000-7f2dc0021000 rw-p 00000000 00:00 0 
7f2dc0021000-7f2dc4000000 ---p 00000000 00:00 0 
7f2dc49ab000-7f2dc4b6b000 rw-p 00000000 00:00 0 
7f2dc4b6b000-7f2dc4bab000 ---p 00000000 00:00 0 
7f2dc4bab000-7f2dc4dab000 rw-p 00000000 00:00 0 
7f2dc4dab000-7f2dc4fab000 rw-p 00000000 00:00 0 
7f2dc4fab000-7f2dc51ab000 rw-p 00000000 00:00 0 
7f2dc51ab000-7f2dc53ab000 rw-p 00000000 00:00 0 
7f2dc53ab000-7f2dc55ab000 rw-p 00000000 00:00 0 
7f2dc55ab000-7f2dc57ab000 rw-p 00000000 00:00 0 
7f2dc57ab000-7f2dc59ab000 rw-p 00000000 00:00 0 
7f2dc59ab000-7f2dc59ae000 ---p 00000000 00:00 0 
7f2dc59ae000-7f2dc5aac000 rw-p 00000000 00:00 0 
7f2dc5aac000-7f2dc5aaf000 ---p 00000000 00:00 0 
7f2dc5aaf000-7f2dc5bad000 rw-p 00000000 00:00 0 
7f2dc5bad000-7f2dc5dad000 rw-p 00000000 00:00 0 
7f2dc5dad000-7f2dc5db0000 ---p 00000000 00:00 0 
7f2dc5db0000-7f2dc5eae000 rw-p 00000000 00:00 0 
7f2dc5eae000-7f2dc60ae000 rw-p 00000000 00:00 0 
7f2dc60ae000-7f2dc62ae000 rw-p 00000000 00:00 0 
7f2dc62ae000-7f2dc62b3000 r--s 000a3000 08:03 3422414                    /usr/lib/jvm/java-8-openjdk-amd64/jre/lib/jsse.jar
7f2dc62ba000-7f2dc64ba000 rw-p 00000000 00:00 0 
7f2dc64ba000-7f2dc66ba000 rw-p 00000000 00:00 0 
7f2dc66ba000-7f2dc68ba000 rw-p 00000000 00:00 0 
7f2dc68ba000-7f2dc6aba000 rw-p 00000000 00:00 0 
7f2dc6aba000-7f2dc6abd000 ---p 00000000 00:00 0 
7f2dc6abd000-7f2dc6bbb000 rw-p 00000000 00:00 0 
7f2dc6bbb000-7f2dc6dbb000 rw-p 00000000 00:00 0 
7f2dc6dbb000-7f2dc6fbb000 rw-p 00000000 00:00 0 
7f2dc6fbb000-7f2dc71bb000 rw-p 00000000 00:00 0 
7f2dc71bb000-7f2dc73bb000 rw-p 00000000 00:00 0 
7f2dc73bb000-7f2dc73c4000 r-xp 00000000 08:03 3422372                    /usr/lib/jvm/java-8-openjdk-amd64/jre/lib/amd64/libmanagement.so
7f2dc73c4000-7f2dc75c3000 ---p 00009000 08:03 3422372                    /usr/lib/jvm/java-8-openjdk-amd64/jre/lib/amd64/libmanagement.so
7f2dc75c3000-7f2dc75c4000 r--p 00008000 08:03 3422372                    /usr/lib/jvm/java-8-openjdk-amd64/jre/lib/amd64/libmanagement.so
7f2dc75c4000-7f2dc75c5000 rw-p 00009000 08:03 3422372                    /usr/lib/jvm/java-8-openjdk-amd64/jre/lib/amd64/libmanagement.so
7f2dc75c8000-7f2dc77c8000 rw-p 00000000 00:00 0 
7f2dc77c8000-7f2dc79c8000 rw-p 00000000 00:00 0 
7f2dc79c8000-7f2dc79cb000 ---p 00000000 00:00 0 
7f2dc79cb000-7f2dc7ac9000 rw-p 00000000 00:00 0 
7f2dc7ac9000-7f2dc7acc000 ---p 00000000 00:00 0 
7f2dc7acc000-7f2dc7bca000 rw-p 00000000 00:00 0 
7f2dc7bca000-7f2dc7bcd000 ---p 00000000 00:00 0 
7f2dc7bcd000-7f2dc7ccb000 rw-p 00000000 00:00 0 
7f2dc7ccb000-7f2dc7cd2000 r--s 00000000 08:03 2917174                    /usr/lib/x86_64-linux-gnu/gconv/gconv-modules.cache
7f2dc7cd3000-7f2dc7ce2000 r--p 00000000 08:03 2886846                    /usr/share/locale/pt_BR/LC_MESSAGES/libc.mo
7f2dc7ce4000-7f2dc7cf7000 r--s 00201000 08:03 1966528                    /home/aluno/.m2/repository/com/h2database/h2/1.4.199/h2-1.4.199.jar
7f2dc7cfd000-7f2dc7cff000 r--s 0000a000 08:03 3034624                    /home/aluno/.m2/repository/org/springframework/spring-aspects/5.1.10.RELEASE/spring-aspects-5.1.10.RELEASE.jar
7f2dc7d02000-7f2dc7d0a000 r--s 00037000 08:03 1185714                    /home/aluno/.m2/repository/org/springframework/spring-tx/5.1.10.RELEASE/spring-tx-5.1.10.RELEASE.jar
7f2dc7d10000-7f2dc7d14000 r--s 0002d000 08:03 3034622                    /home/aluno/.m2/repository/org/springframework/spring-orm/5.1.10.RELEASE/spring-orm-5.1.10.RELEASE.jar
7f2dc7d1a000-7f2dc7d33000 r--s 00107000 08:03 7740691                    /home/aluno/.m2/repository/org/springframework/data/spring-data-commons/2.1.11.RELEASE/spring-data-commons-2.1.11.RELEASE.jar
7f2dc7d33000-7f2dc7d3c000 r--s 00050000 08:03 7741072                    /home/aluno/.m2/repository/org/springframework/data/spring-data-jpa/2.1.11.RELEASE/spring-data-jpa-2.1.11.RELEASE.jar
7f2dc7d42000-7f2dc7d48000 r--s 00047000 08:03 3034620                    /home/aluno/.m2/repository/com/sun/xml/fastinfoset/FastInfoset/1.2.15/FastInfoset-1.2.15.jar
7f2dc7d4b000-7f2dc7d4c000 r--s 00008000 08:03 6827461                    /home/aluno/.m2/repository/org/jvnet/staxex/stax-ex/1.8/stax-ex-1.8.jar
7f2dc7d50000-7f2dc7d52000 r--s 00005000 08:03 3034618                    /home/aluno/.m2/repository/com/sun/istack/istack-commons-runtime/3.0.7/istack-commons-runtime-3.0.7.jar
7f2dc7d52000-7f2dc7d55000 r--s 0000f000 08:03 134576                     /home/aluno/.m2/repository/org/glassfish/jaxb/txw2/2.3.1/txw2-2.3.1.jar
7f2dc7d5a000-7f2dc7d6e000 r--s 000f7000 08:03 8381                       /home/aluno/.m2/repository/org/glassfish/jaxb/jaxb-runtime/2.3.1/jaxb-runtime-2.3.1.jar
7f2dc7d73000-7f2dc7d76000 r--s 00010000 08:03 1183469                    /home/aluno/.m2/repository/org/hibernate/common/hibernate-commons-annotations/5.0.4.Final/hibernate-commons-annotations-5.0.4.Final.jar
7f2dc7d76000-7f2dc7d7b000 r--s 0004b000 08:03 1183467                    /home/aluno/.m2/repository/org/dom4j/dom4j/2.1.1/dom4j-2.1.1.jar
7f2dc7d7e000-7f2dc7d81000 r--s 0002b000 08:03 1183463                    /home/aluno/.m2/repository/org/jboss/jandex/2.0.5.Final/jandex-2.0.5.Final.jar
7f2dc7d83000-7f2dc7d88000 r--s 00068000 08:03 1183461                    /home/aluno/.m2/repository/antlr/antlr/2.7.7/antlr-2.7.7.jar
7f2dc7d8d000-7f2dc7d98000 r--s 000b2000 08:03 1710833                    /home/aluno/.m2/repository/org/javassist/javassist/3.23.2-GA/javassist-3.23.2-GA.jar
7f2dc7d9e000-7f2dc7da4000 r--s 00023000 08:03 1183455                    /home/aluno/.m2/repository/javax/persistence/javax.persistence-api/2.2/javax.persistence-api-2.2.jar
7f2dc7da7000-7f2dc7e29000 r--s 0062c000 08:03 3034616                    /home/aluno/.m2/repository/org/hibernate/hibernate-core/5.3.12.Final/hibernate-core-5.3.12.Final.jar
7f2dc7e2f000-7f2dc7e31000 r--s 0000c000 08:03 1183449                    /home/aluno/.m2/repository/javax/activation/javax.activation-api/1.2.0/javax.activation-api-1.2.0.jar
7f2dc7e37000-7f2dc7e3b000 r--s 0001c000 08:03 1183447                    /home/aluno/.m2/repository/javax/xml/bind/jaxb-api/2.3.1/jaxb-api-2.3.1.jar
7f2dc7e41000-7f2dc7e42000 r--s 00006000 08:03 1183445                    /home/aluno/.m2/repository/javax/transaction/javax.transaction-api/1.3/javax.transaction-api-1.3.jar
7f2dc7e45000-7f2dc7e4e000 r--s 0005a000 08:03 3034614                    /home/aluno/.m2/repository/org/springframework/spring-jdbc/5.1.10.RELEASE/spring-jdbc-5.1.10.RELEASE.jar
7f2dc7e53000-7f2dc7e57000 r--s 00020000 08:03 1183441                    /home/aluno/.m2/repository/com/zaxxer/HikariCP/3.2.0/HikariCP-3.2.0.jar
7f2dc7e5b000-7f2dc7e5c000 r--s 00000000 08:03 2107816                    /home/aluno/.m2/repository/org/springframework/boot/spring-boot-starter-jdbc/2.1.9.RELEASE/spring-boot-starter-jdbc-2.1.9.RELEASE.jar
7f2dc7e5d000-7f2dc7e76000 r--s 001da000 08:03 1710825                    /home/aluno/.m2/repository/org/aspectj/aspectjweaver/1.9.4/aspectjweaver-1.9.4.jar
7f2dc7e7b000-7f2dc7e7c000 r--s 00000000 08:03 2107814                    /home/aluno/.m2/repository/org/springframework/boot/spring-boot-starter-aop/2.1.9.RELEASE/spring-boot-starter-aop-2.1.9.RELEASE.jar
7f2dc7e83000-7f2dc7e84000 r--s 00000000 08:03 2107812                    /home/aluno/.m2/repository/org/springframework/boot/spring-boot-starter-data-jpa/2.1.9.RELEASE/spring-boot-starter-data-jpa-2.1.9.RELEASE.jar
7f2dc7e88000-7f2dc7e89000 r--s 00005000 08:03 1185759                    /home/aluno/.m2/repository/org/springframework/spring-jcl/5.1.10.RELEASE/spring-jcl-5.1.10.RELEASE.jar
7f2dc7e90000-7f2dc7ea9000 r--s 00125000 08:03 1185757                    /home/aluno/.m2/repository/org/springframework/spring-core/5.1.10.RELEASE/spring-core-5.1.10.RELEASE.jar
7f2dc7ea9000-7f2dc7ef1000 r--s 002de000 08:03 1970130                    /home/aluno/.m2/repository/net/bytebuddy/byte-buddy/1.9.16/byte-buddy-1.9.16.jar
7f2dc7ef6000-7f2dc7f1a000 r--s 00113000 08:03 1185749                    /home/aluno/.m2/repository/org/springframework/boot/spring-boot-autoconfigure/2.1.9.RELEASE/spring-boot-autoconfigure-2.1.9.RELEASE.jar
7f2dc7f20000-7f2dc7f35000 r--s 000d5000 08:03 1185747                    /home/aluno/.m2/repository/org/springframework/boot/spring-boot/2.1.9.RELEASE/spring-boot-2.1.9.RELEASE.jar
7f2dc7f39000-7f2dc7f3f000 r--s 0002e000 08:03 1185745                    /home/aluno/.m2/repository/org/springframework/boot/spring-boot-devtools/2.1.9.RELEASE/spring-boot-devtools-2.1.9.RELEASE.jar
7f2dc7f43000-7f2dc7f48000 r--s 00040000 08:03 1185743                    /home/aluno/.m2/repository/org/springframework/spring-expression/5.1.10.RELEASE/spring-expression-5.1.10.RELEASE.jar
7f2dc7f4f000-7f2dc7f69000 r--s 000f4000 08:03 1185741                    /home/aluno/.m2/repository/org/springframework/spring-context/5.1.10.RELEASE/spring-context-5.1.10.RELEASE.jar
7f2dc7f6d000-7f2dc7f76000 r--s 00052000 08:03 1185739                    /home/aluno/.m2/repository/org/springframework/spring-aop/5.1.10.RELEASE/spring-aop-5.1.10.RELEASE.jar
7f2dc7f78000-7f2dc7f87000 r--s 000b5000 08:03 1185737                    /home/aluno/.m2/repository/org/springframework/spring-webmvc/5.1.10.RELEASE/spring-webmvc-5.1.10.RELEASE.jar
7f2dc7f8c000-7f2dc7f98000 r--s 00099000 08:03 1185735                    /home/aluno/.m2/repository/org/springframework/spring-beans/5.1.10.RELEASE/spring-beans-5.1.10.RELEASE.jar
7f2dc7f9b000-7f2dc7fb7000 r--s 00138000 08:03 1185733                    /home/aluno/.m2/repository/org/springframework/spring-web/5.1.10.RELEASE/spring-web-5.1.10.RELEASE.jar
7f2dc7fba000-7f2dc7fbc000 r--s 0000f000 08:03 1183465                    /home/aluno/.m2/repository/com/fasterxml/classmate/1.4.0/classmate-1.4.0.jar
7f2dc7fc2000-7f2dc7fc4000 r--s 0000f000 08:03 1970342                    /home/aluno/.m2/repository/org/jboss/logging/jboss-logging/3.3.3.Final/jboss-logging-3.3.3.Final.jar
7f2dc7fc5000-7f2dc7fca000 r--s 00012000 08:03 1183527                    /home/aluno/.m2/repository/javax/validation/validation-api/2.0.1.Final/validation-api-2.0.1.Final.jar
7f2dc7fd1000-7f2dc7fee000 r--s 000fe000 08:03 1315636                    /home/aluno/.m2/repository/org/hibernate/validator/hibernate-validator/6.0.17.Final/hibernate-validator-6.0.17.Final.jar
7f2dc7fef000-7f2dc7ff4000 r--s 0003c000 08:03 1185731                    /home/aluno/.m2/repository/org/apache/tomcat/embed/tomcat-embed-websocket/9.0.26/tomcat-embed-websocket-9.0.26.jar
7f2dc7ff4000-7f2dc7ff9000 r--s 00039000 08:03 1185729                    /home/aluno/.m2/repository/org/apache/tomcat/embed/tomcat-embed-el/9.0.26/tomcat-embed-el-9.0.26.jar
7f2dc8000000-7f2dc8021000 rw-p 00000000 00:00 0 
7f2dc8021000-7f2dcc000000 ---p 00000000 00:00 0 
7f2dcc000000-7f2dcc021000 rw-p 00000000 00:00 0 
7f2dcc021000-7f2dd0000000 ---p 00000000 00:00 0 
7f2dd0000000-7f2dd157f000 rw-p 00000000 00:00 0 
7f2dd157f000-7f2dd4000000 ---p 00000000 00:00 0 
7f2dd4000000-7f2dd4efb000 rw-p 00000000 00:00 0 
7f2dd4efb000-7f2dd8000000 ---p 00000000 00:00 0 
7f2dd8000000-7f2dd8021000 rw-p 00000000 00:00 0 
7f2dd8021000-7f2ddc000000 ---p 00000000 00:00 0 
7f2ddc000000-7f2ddde81000 rw-p 00000000 00:00 0 
7f2ddde81000-7f2de0000000 ---p 00000000 00:00 0 
7f2de0000000-7f2de0021000 rw-p 00000000 00:00 0 
7f2de0021000-7f2de4000000 ---p 00000000 00:00 0 
7f2de4000000-7f2de4021000 rw-p 00000000 00:00 0 
7f2de4021000-7f2de8000000 ---p 00000000 00:00 0 
7f2de8000000-7f2de806b000 rw-p 00000000 00:00 0 
7f2de806b000-7f2dec000000 ---p 00000000 00:00 0 
7f2dec005000-7f2dec031000 r--s 0030a000 08:03 1185727                    /home/aluno/.m2/repository/org/apache/tomcat/embed/tomcat-embed-core/9.0.26/tomcat-embed-core-9.0.26.jar
7f2dec033000-7f2dec034000 r--s 00000000 08:03 1185725                    /home/aluno/.m2/repository/org/springframework/boot/spring-boot-starter-tomcat/2.1.9.RELEASE/spring-boot-starter-tomcat-2.1.9.RELEASE.jar
7f2dec034000-7f2dec036000 r--s 00001000 08:03 1315613                    /home/aluno/.m2/repository/com/fasterxml/jackson/module/jackson-module-parameter-names/2.9.9/jackson-module-parameter-names-2.9.9.jar
7f2dec039000-7f2dec03c000 r--s 00016000 08:03 1315611                    /home/aluno/.m2/repository/com/fasterxml/jackson/datatype/jackson-datatype-jsr310/2.9.9/jackson-datatype-jsr310-2.9.9.jar
7f2dec042000-7f2dec044000 r--s 00007000 08:03 1315609                    /home/aluno/.m2/repository/com/fasterxml/jackson/datatype/jackson-datatype-jdk8/2.9.9/jackson-datatype-jdk8-2.9.9.jar
7f2dec04b000-7f2dec04c000 r--s 00000000 08:03 1185722                    /home/aluno/.m2/repository/org/springframework/boot/spring-boot-starter-json/2.1.9.RELEASE/spring-boot-starter-json-2.1.9.RELEASE.jar
7f2dec053000-7f2dec054000 r--s 00000000 08:03 1185716                    /home/aluno/.m2/repository/org/springframework/boot/spring-boot-starter-web/2.1.9.RELEASE/spring-boot-starter-web-2.1.9.RELEASE.jar
7f2dec059000-7f2dec05c000 r--s 0000e000 08:03 1183507                    /home/aluno/.m2/repository/com/fasterxml/jackson/core/jackson-annotations/2.9.0/jackson-annotations-2.9.0.jar
7f2dec05f000-7f2dec063000 r--s 0004c000 08:03 1315607                    /home/aluno/.m2/repository/com/fasterxml/jackson/core/jackson-core/2.9.9/jackson-core-2.9.9.jar
7f2dec06a000-7f2dec07d000 r--s 00137000 08:03 1970356                    /home/aluno/.m2/repository/com/fasterxml/jackson/core/jackson-databind/2.9.9.3/jackson-databind-2.9.9.3.jar
7f2dec07d000-7f2dec07f000 r--s 00002000 08:03 6952940                    /home/aluno/.m2/repository/org/atteo/evo-inflector/1.2.2/evo-inflector-1.2.2.jar
7f2dec07f000-7f2dec080000 r--s 00004000 08:03 6952938                    /home/aluno/.m2/repository/org/springframework/plugin/spring-plugin-core/1.2.0.RELEASE/spring-plugin-core-1.2.0.RELEASE.jar
7f2dec083000-7f2dec089000 r--s 00030000 08:03 6956630                    /home/aluno/.m2/repository/org/springframework/hateoas/spring-hateoas/0.25.2.RELEASE/spring-hateoas-0.25.2.RELEASE.jar
7f2dec08b000-7f2dec090000 r--s 00020000 08:03 7354096                    /home/aluno/.m2/repository/org/springframework/data/spring-data-rest-core/3.1.11.RELEASE/spring-data-rest-core-3.1.11.RELEASE.jar
7f2dec091000-7f2dec099000 r--s 0004e000 08:03 7354094                    /home/aluno/.m2/repository/org/springframework/data/spring-data-rest-webmvc/3.1.11.RELEASE/spring-data-rest-webmvc-3.1.11.RELEASE.jar
7f2dec09b000-7f2dec09c000 r--s 00000000 08:03 7092770                    /home/aluno/.m2/repository/org/springframework/boot/spring-boot-starter-data-rest/2.1.9.RELEASE/spring-boot-starter-data-rest-2.1.9.RELEASE.jar
7f2dec09c000-7f2dec09d000 r--s 00009000 08:03 6826735                    /home/aluno/.m2/repository/org/thymeleaf/extras/thymeleaf-extras-java8time/3.0.4.RELEASE/thymeleaf-extras-java8time-3.0.4.RELEASE.jar
7f2dec0a4000-7f2dec0a6000 r--s 00009000 08:03 1970344                    /home/aluno/.m2/repository/org/slf4j/slf4j-api/1.7.28/slf4j-api-1.7.28.jar
7f2dec0ab000-7f2dec0ae000 r--s 00028000 08:03 6826733                    /home/aluno/.m2/repository/org/unbescape/unbescape/1.1.6.RELEASE/unbescape-1.1.6.RELEASE.jar
7f2dec0b2000-7f2dec0b7000 r--s 00037000 08:03 6826731                    /home/aluno/.m2/repository/org/attoparser/attoparser/2.0.5.RELEASE/attoparser-2.0.5.RELEASE.jar
7f2dec0b8000-7f2dec0c8000 r--s 000c5000 08:03 6826729                    /home/aluno/.m2/repository/org/thymeleaf/thymeleaf/3.0.11.RELEASE/thymeleaf-3.0.11.RELEASE.jar
7f2dec0ca000-7f2dec0cf000 r--s 00027000 08:03 6826727                    /home/aluno/.m2/repository/org/thymeleaf/thymeleaf-spring5/3.0.11.RELEASE/thymeleaf-spring5-3.0.11.RELEASE.jar
7f2dec0d6000-7f2dec0dd000 r--s 00043000 08:03 1183501                    /home/aluno/.m2/repository/org/yaml/snakeyaml/1.23/snakeyaml-1.23.jar
7f2dec0e0000-7f2dec0e2000 r--s 00005000 08:03 1183499                    /home/aluno/.m2/repository/javax/annotation/javax.annotation-api/1.3.2/javax.annotation-api-1.3.2.jar
7f2dec0e3000-7f2dec0e5000 r--s 00000000 08:03 1970350                    /home/aluno/.m2/repository/org/slf4j/jul-to-slf4j/1.7.28/jul-to-slf4j-1.7.28.jar
7f2dec0e7000-7f2dec0ed000 r--s 0003c000 08:03 1315599                    /home/aluno/.m2/repository/org/apache/logging/log4j/log4j-api/2.11.2/log4j-api-2.11.2.jar
7f2dec0ee000-7f2dec0f0000 r--s 00003000 08:03 1315597                    /home/aluno/.m2/repository/org/apache/logging/log4j/log4j-to-slf4j/2.11.2/log4j-to-slf4j-2.11.2.jar
7f2dec0f4000-7f2dec0ff000 r--s 00069000 08:03 1183491                    /home/aluno/.m2/repository/ch/qos/logback/logback-core/1.2.3/logback-core-1.2.3.jar
7f2dec104000-7f2dec10a000 r--s 00041000 08:03 1183489                    /home/aluno/.m2/repository/ch/qos/logback/logback-classic/1.2.3/logback-classic-1.2.3.jar
7f2dec10b000-7f2dec10c000 r--s 00000000 08:03 1185720                    /home/aluno/.m2/repository/org/springframework/boot/spring-boot-starter-logging/2.1.9.RELEASE/spring-boot-starter-logging-2.1.9.RELEASE.jar
7f2dec113000-7f2dec114000 r--s 00000000 08:03 1185718                    /home/aluno/.m2/repository/org/springframework/boot/spring-boot-starter/2.1.9.RELEASE/spring-boot-starter-2.1.9.RELEASE.jar
7f2dec11a000-7f2def11b000 rw-p 00000000 00:00 0 
7f2def11b000-7f2def132000 r-xp 00000000 08:03 3422374                    /usr/lib/jvm/java-8-openjdk-amd64/jre/lib/amd64/libnet.so
7f2def132000-7f2def331000 ---p 00017000 08:03 3422374                    /usr/lib/jvm/java-8-openjdk-amd64/jre/lib/amd64/libnet.so
7f2def331000-7f2def332000 r--p 00016000 08:03 3422374                    /usr/lib/jvm/java-8-openjdk-amd64/jre/lib/amd64/libnet.so
7f2def332000-7f2def333000 rw-p 00017000 08:03 3422374                    /usr/lib/jvm/java-8-openjdk-amd64/jre/lib/amd64/libnet.so
7f2def333000-7f2def344000 r-xp 00000000 08:03 3422375                    /usr/lib/jvm/java-8-openjdk-amd64/jre/lib/amd64/libnio.so
7f2def344000-7f2def544000 ---p 00011000 08:03 3422375                    /usr/lib/jvm/java-8-openjdk-amd64/jre/lib/amd64/libnio.so
7f2def544000-7f2def545000 r--p 00011000 08:03 3422375                    /usr/lib/jvm/java-8-openjdk-amd64/jre/lib/amd64/libnio.so
7f2def545000-7f2def546000 rw-p 00012000 08:03 3422375                    /usr/lib/jvm/java-8-openjdk-amd64/jre/lib/amd64/libnio.so
7f2def549000-7f2def553000 r--s 00116000 08:03 3422397                    /usr/lib/jvm/java-8-openjdk-amd64/jre/lib/ext/localedata.jar
7f2def555000-7f2def556000 ---p 00000000 00:00 0 
7f2def556000-7f2def656000 rw-p 00000000 00:00 0 
7f2def656000-7f2def659000 ---p 00000000 00:00 0 
7f2def659000-7f2def757000 rw-p 00000000 00:00 0 
7f2def757000-7f2def758000 ---p 00000000 00:00 0 
7f2def758000-7f2def75b000 ---p 00000000 00:00 0 
7f2def75b000-7f2def858000 rw-p 00000000 00:00 0 
7f2def858000-7f2def859000 ---p 00000000 00:00 0 
7f2def859000-7f2def85c000 ---p 00000000 00:00 0 
7f2def85c000-7f2def959000 rw-p 00000000 00:00 0 
7f2def959000-7f2def95a000 ---p 00000000 00:00 0 
7f2def95a000-7f2def95d000 ---p 00000000 00:00 0 
7f2def95d000-7f2defa5a000 rw-p 00000000 00:00 0 
7f2defa5a000-7f2defa5d000 ---p 00000000 00:00 0 
7f2defa5d000-7f2defb5b000 rw-p 00000000 00:00 0 
7f2defb5b000-7f2defcf6000 r--p 00000000 08:03 2889580                    /usr/lib/locale/locale-archive
7f2defcfd000-7f2defd00000 ---p 00000000 00:00 0 
7f2defd00000-7f2defdfe000 rw-p 00000000 00:00 0 
7f2defdfe000-7f2defe01000 ---p 00000000 00:00 0 
7f2defe01000-7f2defeff000 rw-p 00000000 00:00 0 
7f2defeff000-7f2deff00000 ---p 00000000 00:00 0 
7f2deff00000-7f2df0000000 rw-p 00000000 00:00 0 
7f2df0000000-7f2df0021000 rw-p 00000000 00:00 0 
7f2df0021000-7f2df4000000 ---p 00000000 00:00 0 
7f2df4000000-7f2df4021000 rw-p 00000000 00:00 0 
7f2df4021000-7f2df8000000 ---p 00000000 00:00 0 
7f2df8000000-7f2df8021000 rw-p 00000000 00:00 0 
7f2df8021000-7f2dfc000000 ---p 00000000 00:00 0 
7f2dfc007000-7f2dfc910000 rw-p 00000000 00:00 0 
7f2dfc910000-7f2e00000000 rw-p 00000000 00:00 0 
7f2e00000000-7f2e00021000 rw-p 00000000 00:00 0 
7f2e00021000-7f2e04000000 ---p 00000000 00:00 0 
7f2e04003000-7f2e04004000 r--s 00000000 08:03 7088221                    /home/aluno/.m2/repository/org/springframework/boot/spring-boot-starter-thymeleaf/2.1.9.RELEASE/spring-boot-starter-thymeleaf-2.1.9.RELEASE.jar
7f2e0400b000-7f2e0400c000 r--s 00010000 08:03 3422402                    /usr/lib/jvm/java-8-openjdk-amd64/jre/lib/ext/zipfs.jar
7f2e04010000-7f2e04015000 r--s 0003d000 08:03 3422400                    /usr/lib/jvm/java-8-openjdk-amd64/jre/lib/ext/sunjce_provider.jar
7f2e0401a000-7f2e0401d000 r--s 0000f000 08:03 3422395                    /usr/lib/jvm/java-8-openjdk-amd64/jre/lib/ext/icedtea-sound.jar
7f2e04024000-7f2e0462a000 rw-p 00000000 00:00 0 
7f2e0462a000-7f2e047fa000 r--s 03c5f000 08:03 3422419                    /usr/lib/jvm/java-8-openjdk-amd64/jre/lib/rt.jar
7f2e04800000-7f2e05000000 rw-p 00000000 00:00 0 
7f2e05000000-7f2e05f90000 rwxp 00000000 00:00 0 
7f2e05f90000-7f2e14000000 ---p 00000000 00:00 0 
7f2e14000000-7f2e1473b000 rw-p 00000000 00:00 0 
7f2e1473b000-7f2e18000000 ---p 00000000 00:00 0 
7f2e18005000-7f2e18006000 r--s 0000a000 08:03 3422396                    /usr/lib/jvm/java-8-openjdk-amd64/jre/lib/ext/jaccess.jar
7f2e18009000-7f2e18024000 r--s 001d6000 08:03 3422398                    /usr/lib/jvm/java-8-openjdk-amd64/jre/lib/ext/nashorn.jar
7f2e18027000-7f2e18042000 r--s 00394000 08:03 3422393                    /usr/lib/jvm/java-8-openjdk-amd64/jre/lib/ext/cldrdata.jar
7f2e18046000-7f2e1818e000 rw-p 00000000 00:00 0 
7f2e1818e000-7f2e184fd000 rw-p 00000000 00:00 0 
7f2e184fd000-7f2e184fe000 ---p 00000000 00:00 0 
7f2e184fe000-7f2e185fe000 rw-p 00000000 00:00 0 
7f2e185fe000-7f2e185ff000 ---p 00000000 00:00 0 
7f2e185ff000-7f2e186ff000 rw-p 00000000 00:00 0 
7f2e186ff000-7f2e18700000 ---p 00000000 00:00 0 
7f2e18700000-7f2e18800000 rw-p 00000000 00:00 0 
7f2e18800000-7f2e18801000 ---p 00000000 00:00 0 
7f2e18801000-7f2e18901000 rw-p 00000000 00:00 0 
7f2e18901000-7f2e18921000 rw-p 00000000 00:00 0 
7f2e18921000-7f2e18926000 ---p 00000000 00:00 0 
7f2e18926000-7f2e18b4b000 ---p 00000000 00:00 0 
7f2e18b4b000-7f2e18b6b000 rw-p 00000000 00:00 0 
7f2e18b6b000-7f2e18b70000 ---p 00000000 00:00 0 
7f2e18b70000-7f2e18d95000 ---p 00000000 00:00 0 
7f2e18d95000-7f2e18e1b000 rw-p 00000000 00:00 0 
7f2e18e1b000-7f2e18eba000 ---p 00000000 00:00 0 
7f2e18eba000-7f2e18efa000 rw-p 00000000 00:00 0 
7f2e18efa000-7f2e1927b000 ---p 00000000 00:00 0 
7f2e1927b000-7f2e19283000 r-xp 00000000 08:03 3422382                    /usr/lib/jvm/java-8-openjdk-amd64/jre/lib/amd64/libzip.so
7f2e19283000-7f2e19482000 ---p 00008000 08:03 3422382                    /usr/lib/jvm/java-8-openjdk-amd64/jre/lib/amd64/libzip.so
7f2e19482000-7f2e19483000 r--p 00007000 08:03 3422382                    /usr/lib/jvm/java-8-openjdk-amd64/jre/lib/amd64/libzip.so
7f2e19483000-7f2e19484000 rw-p 00008000 08:03 3422382                    /usr/lib/jvm/java-8-openjdk-amd64/jre/lib/amd64/libzip.so
7f2e1948b000-7f2e19495000 r-xp 00000000 08:03 2622507                    /lib/x86_64-linux-gnu/libnss_files-2.24.so
7f2e19495000-7f2e19695000 ---p 0000a000 08:03 2622507                    /lib/x86_64-linux-gnu/libnss_files-2.24.so
7f2e19695000-7f2e19696000 r--p 0000a000 08:03 2622507                    /lib/x86_64-linux-gnu/libnss_files-2.24.so
7f2e19696000-7f2e19697000 rw-p 0000b000 08:03 2622507                    /lib/x86_64-linux-gnu/libnss_files-2.24.so
7f2e19697000-7f2e1969d000 rw-p 00000000 00:00 0 
7f2e196a3000-7f2e196ae000 r-xp 00000000 08:03 2622509                    /lib/x86_64-linux-gnu/libnss_nis-2.24.so
7f2e196ae000-7f2e198ad000 ---p 0000b000 08:03 2622509                    /lib/x86_64-linux-gnu/libnss_nis-2.24.so
7f2e198ad000-7f2e198ae000 r--p 0000a000 08:03 2622509                    /lib/x86_64-linux-gnu/libnss_nis-2.24.so
7f2e198ae000-7f2e198af000 rw-p 0000b000 08:03 2622509                    /lib/x86_64-linux-gnu/libnss_nis-2.24.so
7f2e198b3000-7f2e198c7000 r-xp 00000000 08:03 2622503                    /lib/x86_64-linux-gnu/libnsl-2.24.so
7f2e198c7000-7f2e19ac7000 ---p 00014000 08:03 2622503                    /lib/x86_64-linux-gnu/libnsl-2.24.so
7f2e19ac7000-7f2e19ac8000 r--p 00014000 08:03 2622503                    /lib/x86_64-linux-gnu/libnsl-2.24.so
7f2e19ac8000-7f2e19ac9000 rw-p 00015000 08:03 2622503                    /lib/x86_64-linux-gnu/libnsl-2.24.so
7f2e19ac9000-7f2e19acb000 rw-p 00000000 00:00 0 
7f2e19acb000-7f2e19ad2000 r-xp 00000000 08:03 2622505                    /lib/x86_64-linux-gnu/libnss_compat-2.24.so
7f2e19ad2000-7f2e19cd1000 ---p 00007000 08:03 2622505                    /lib/x86_64-linux-gnu/libnss_compat-2.24.so
7f2e19cd1000-7f2e19cd2000 r--p 00006000 08:03 2622505                    /lib/x86_64-linux-gnu/libnss_compat-2.24.so
7f2e19cd2000-7f2e19cd3000 rw-p 00007000 08:03 2622505                    /lib/x86_64-linux-gnu/libnss_compat-2.24.so
7f2e19cd3000-7f2e19cfd000 r-xp 00000000 08:03 3422363                    /usr/lib/jvm/java-8-openjdk-amd64/jre/lib/amd64/libjava.so
7f2e19cfd000-7f2e19efc000 ---p 0002a000 08:03 3422363                    /usr/lib/jvm/java-8-openjdk-amd64/jre/lib/amd64/libjava.so
7f2e19efc000-7f2e19efd000 r--p 00029000 08:03 3422363                    /usr/lib/jvm/java-8-openjdk-amd64/jre/lib/amd64/libjava.so
7f2e19efd000-7f2e19eff000 rw-p 0002a000 08:03 3422363                    /usr/lib/jvm/java-8-openjdk-amd64/jre/lib/amd64/libjava.so
7f2e19f03000-7f2e19f12000 r-xp 00000000 08:03 3422381                    /usr/lib/jvm/java-8-openjdk-amd64/jre/lib/amd64/libverify.so
7f2e19f12000-7f2e1a112000 ---p 0000f000 08:03 3422381                    /usr/lib/jvm/java-8-openjdk-amd64/jre/lib/amd64/libverify.so
7f2e1a112000-7f2e1a114000 r--p 0000f000 08:03 3422381                    /usr/lib/jvm/java-8-openjdk-amd64/jre/lib/amd64/libverify.so
7f2e1a114000-7f2e1a115000 rw-p 00011000 08:03 3422381                    /usr/lib/jvm/java-8-openjdk-amd64/jre/lib/amd64/libverify.so
7f2e1a11b000-7f2e1a122000 r-xp 00000000 08:03 2622514                    /lib/x86_64-linux-gnu/librt-2.24.so
7f2e1a122000-7f2e1a321000 ---p 00007000 08:03 2622514                    /lib/x86_64-linux-gnu/librt-2.24.so
7f2e1a321000-7f2e1a322000 r--p 00006000 08:03 2622514                    /lib/x86_64-linux-gnu/librt-2.24.so
7f2e1a322000-7f2e1a323000 rw-p 00007000 08:03 2622514                    /lib/x86_64-linux-gnu/librt-2.24.so
7f2e1a323000-7f2e1a339000 r-xp 00000000 08:03 2621444                    /lib/x86_64-linux-gnu/libgcc_s.so.1
7f2e1a339000-7f2e1a538000 ---p 00016000 08:03 2621444                    /lib/x86_64-linux-gnu/libgcc_s.so.1
7f2e1a538000-7f2e1a539000 r--p 00015000 08:03 2621444                    /lib/x86_64-linux-gnu/libgcc_s.so.1
7f2e1a539000-7f2e1a53a000 rw-p 00016000 08:03 2621444                    /lib/x86_64-linux-gnu/libgcc_s.so.1
7f2e1a53b000-7f2e1a63e000 r-xp 00000000 08:03 2622407                    /lib/x86_64-linux-gnu/libm-2.24.so
7f2e1a63e000-7f2e1a83d000 ---p 00103000 08:03 2622407                    /lib/x86_64-linux-gnu/libm-2.24.so
7f2e1a83d000-7f2e1a83e000 r--p 00102000 08:03 2622407                    /lib/x86_64-linux-gnu/libm-2.24.so
7f2e1a83e000-7f2e1a83f000 rw-p 00103000 08:03 2622407                    /lib/x86_64-linux-gnu/libm-2.24.so
7f2e1a843000-7f2e1a9b5000 r-xp 00000000 08:03 2889010                    /usr/lib/x86_64-linux-gnu/libstdc++.so.6.0.22
7f2e1a9b5000-7f2e1abb5000 ---p 00172000 08:03 2889010                    /usr/lib/x86_64-linux-gnu/libstdc++.so.6.0.22
7f2e1abb5000-7f2e1abbf000 r--p 00172000 08:03 2889010                    /usr/lib/x86_64-linux-gnu/libstdc++.so.6.0.22
7f2e1abbf000-7f2e1abc1000 rw-p 0017c000 08:03 2889010                    /usr/lib/x86_64-linux-gnu/libstdc++.so.6.0.22
7f2e1abc1000-7f2e1abc5000 rw-p 00000000 00:00 0 
7f2e1abcb000-7f2e1b834000 r-xp 00000000 08:03 3422384                    /usr/lib/jvm/java-8-openjdk-amd64/jre/lib/amd64/server/libjvm.so
7f2e1b834000-7f2e1ba34000 ---p 00c69000 08:03 3422384                    /usr/lib/jvm/java-8-openjdk-amd64/jre/lib/amd64/server/libjvm.so
7f2e1ba34000-7f2e1bac8000 r--p 00c69000 08:03 3422384                    /usr/lib/jvm/java-8-openjdk-amd64/jre/lib/amd64/server/libjvm.so
7f2e1bac8000-7f2e1baf1000 rw-p 00cfd000 08:03 3422384                    /usr/lib/jvm/java-8-openjdk-amd64/jre/lib/amd64/server/libjvm.so
7f2e1baf1000-7f2e1bb21000 rw-p 00000000 00:00 0 
7f2e1bb23000-7f2e1bcb8000 r-xp 00000000 08:03 2622132                    /lib/x86_64-linux-gnu/libc-2.24.so
7f2e1bcb8000-7f2e1beb8000 ---p 00195000 08:03 2622132                    /lib/x86_64-linux-gnu/libc-2.24.so
7f2e1beb8000-7f2e1bebc000 r--p 00195000 08:03 2622132                    /lib/x86_64-linux-gnu/libc-2.24.so
7f2e1bebc000-7f2e1bebe000 rw-p 00199000 08:03 2622132                    /lib/x86_64-linux-gnu/libc-2.24.so
7f2e1bebe000-7f2e1bec2000 rw-p 00000000 00:00 0 
7f2e1bec3000-7f2e1bec6000 r-xp 00000000 08:03 2622404                    /lib/x86_64-linux-gnu/libdl-2.24.so
7f2e1bec6000-7f2e1c0c5000 ---p 00003000 08:03 2622404                    /lib/x86_64-linux-gnu/libdl-2.24.so
7f2e1c0c5000-7f2e1c0c6000 r--p 00002000 08:03 2622404                    /lib/x86_64-linux-gnu/libdl-2.24.so
7f2e1c0c6000-7f2e1c0c7000 rw-p 00003000 08:03 2622404                    /lib/x86_64-linux-gnu/libdl-2.24.so
7f2e1c0cb000-7f2e1c0d8000 r-xp 00000000 08:03 3422346                    /usr/lib/jvm/java-8-openjdk-amd64/jre/lib/amd64/jli/libjli.so
7f2e1c0d8000-7f2e1c2d8000 ---p 0000d000 08:03 3422346                    /usr/lib/jvm/java-8-openjdk-amd64/jre/lib/amd64/jli/libjli.so
7f2e1c2d8000-7f2e1c2d9000 r--p 0000d000 08:03 3422346                    /usr/lib/jvm/java-8-openjdk-amd64/jre/lib/amd64/jli/libjli.so
7f2e1c2d9000-7f2e1c2da000 rw-p 0000e000 08:03 3422346                    /usr/lib/jvm/java-8-openjdk-amd64/jre/lib/amd64/jli/libjli.so
7f2e1c2db000-7f2e1c2f4000 r-xp 00000000 08:03 2621530                    /lib/x86_64-linux-gnu/libz.so.1.2.8
7f2e1c2f4000-7f2e1c4f3000 ---p 00019000 08:03 2621530                    /lib/x86_64-linux-gnu/libz.so.1.2.8
7f2e1c4f3000-7f2e1c4f4000 r--p 00018000 08:03 2621530                    /lib/x86_64-linux-gnu/libz.so.1.2.8
7f2e1c4f4000-7f2e1c4f5000 rw-p 00019000 08:03 2621530                    /lib/x86_64-linux-gnu/libz.so.1.2.8
7f2e1c4fb000-7f2e1c513000 r-xp 00000000 08:03 2622512                    /lib/x86_64-linux-gnu/libpthread-2.24.so
7f2e1c513000-7f2e1c712000 ---p 00018000 08:03 2622512                    /lib/x86_64-linux-gnu/libpthread-2.24.so
7f2e1c712000-7f2e1c713000 r--p 00017000 08:03 2622512                    /lib/x86_64-linux-gnu/libpthread-2.24.so
7f2e1c713000-7f2e1c714000 rw-p 00018000 08:03 2622512                    /lib/x86_64-linux-gnu/libpthread-2.24.so
7f2e1c714000-7f2e1c718000 rw-p 00000000 00:00 0 
7f2e1c71b000-7f2e1c73e000 r-xp 00000000 08:03 2622075                    /lib/x86_64-linux-gnu/ld-2.24.so
7f2e1c744000-7f2e1c746000 r--s 00001000 08:03 3422394                    /usr/lib/jvm/java-8-openjdk-amd64/jre/lib/ext/dnsns.jar
7f2e1c748000-7f2e1c749000 r--s 0000d000 08:03 3422399                    /usr/lib/jvm/java-8-openjdk-amd64/jre/lib/ext/sunec.jar
7f2e1c74d000-7f2e1c751000 r--s 0003a000 08:03 3422401                    /usr/lib/jvm/java-8-openjdk-amd64/jre/lib/ext/sunpkcs11.jar
7f2e1c757000-7f2e1c7fb000 rw-p 00000000 00:00 0 
7f2e1c7fb000-7f2e1c81e000 rw-p 00000000 00:00 0 
7f2e1c81e000-7f2e1c81f000 ---p 00000000 00:00 0 
7f2e1c81f000-7f2e1c822000 ---p 00000000 00:00 0 
7f2e1c822000-7f2e1c923000 rw-p 00000000 00:00 0 
7f2e1c92a000-7f2e1c92c000 r--s 00007000 08:03 3282063                    /usr/share/java/java-atk-wrapper.jar
7f2e1c933000-7f2e1c93b000 rw-s 00000000 08:03 5252256                    /tmp/hsperfdata_aluno/25149
7f2e1c93d000-7f2e1c93e000 rw-p 00000000 00:00 0 
7f2e1c93e000-7f2e1c93f000 r--p 00023000 08:03 2622075                    /lib/x86_64-linux-gnu/ld-2.24.so
7f2e1c93f000-7f2e1c940000 rw-p 00024000 08:03 2622075                    /lib/x86_64-linux-gnu/ld-2.24.so
7f2e1c940000-7f2e1c941000 rw-p 00000000 00:00 0 
7f2e1c941000-7f2e1c942000 ---p 00000000 00:00 0 
7ffe9da07000-7ffe9da2a000 rw-p 00000000 00:00 0                          [stack]
7ffe9dbd3000-7ffe9dbd5000 r--p 00000000 00:00 0                          [vvar]
7ffe9dbd5000-7ffe9dbd7000 r-xp 00000000 00:00 0                          [vdso]
ffffffffff600000-ffffffffff601000 r-xp 00000000 00:00 0                  [vsyscall]

VM Arguments:
java_command: ifal.edu.br.formulario_js.DemoApplication
java_class_path (initial): /home/aluno/Documentos/LuizRoberto/formulario_js/target/classes:/home/aluno/.m2/repository/org/springframework/boot/spring-boot-starter-thymeleaf/2.1.9.RELEASE/spring-boot-starter-thymeleaf-2.1.9.RELEASE.jar:/home/aluno/.m2/repository/org/springframework/boot/spring-boot-starter/2.1.9.RELEASE/spring-boot-starter-2.1.9.RELEASE.jar:/home/aluno/.m2/repository/org/springframework/boot/spring-boot-starter-logging/2.1.9.RELEASE/spring-boot-starter-logging-2.1.9.RELEASE.jar:/home/aluno/.m2/repository/ch/qos/logback/logback-classic/1.2.3/logback-classic-1.2.3.jar:/home/aluno/.m2/repository/ch/qos/logback/logback-core/1.2.3/logback-core-1.2.3.jar:/home/aluno/.m2/repository/org/apache/logging/log4j/log4j-to-slf4j/2.11.2/log4j-to-slf4j-2.11.2.jar:/home/aluno/.m2/repository/org/apache/logging/log4j/log4j-api/2.11.2/log4j-api-2.11.2.jar:/home/aluno/.m2/repository/org/slf4j/jul-to-slf4j/1.7.28/jul-to-slf4j-1.7.28.jar:/home/aluno/.m2/repository/javax/annotation/javax.annotation-api/1.3.2/javax.annotation-api-1.3.2.jar:/home/aluno/.m2/repository/org/yaml/snakeyaml/1.23/snakeyaml-1.23.jar:/home/aluno/.m2/repository/org/thymeleaf/thymeleaf-spring5/3.0.11.RELEASE/thymeleaf-spring5-3.0.11.RELEASE.jar:/home/aluno/.m2/repository/org/thymeleaf/thymeleaf/3.0.11.RELEASE/thymeleaf-3.0.11.RELEASE.jar:/home/aluno/.m2/repository/org/attoparser/attoparser/2.0.5.RELEASE/attoparser-2.0.5.RELEASE.jar:/home/aluno/.m2/repository/org/unbescape/unbescape/1.1.6.RELEASE/unbescape-1.1.6.RELEASE.jar:/home/aluno/.m2/repository/org/slf4j/slf4j-api/1.7.28/slf4j-api-1.7.28.jar:/home/aluno/.m2/repository/org/thymeleaf/extras/thymeleaf-extras-java8time/3.0.4.RELEASE/thymeleaf-extras-java8time-3.0.4.RELEASE.jar:/home/aluno/.m2/repository/org/springframework/boot/spring-boot-starter-data-rest/2.1.9.RELEASE/spring-boot-starter-data-rest-2.1.9.RELEASE.jar:/home/aluno/.m2/repository/org/springframework/data/spring-data-rest-webmvc/3.1.11.RELEASE/spring-data-rest-webmvc-3.1.11.RELEASE.jar:
Launcher Type: SUN_STANDARD

Environment Variables:
JAVA_HOME=/usr/lib/jvm/java-1.8.0-openjdk-amd64
PATH=/usr/local/bin:/usr/bin:/bin:/usr/local/games:/usr/games:/home/aluno/Documentos/flutter/bin:/home/aluno/Documentos/android-studio/bin:/snap/bin:/usr/lib/jvm/java-1.8.0-openjdk-amd64/bin:/home/aluno/Documentos/flutter/bin:/home/aluno/Documentos/android-studio/bin:/usr/lib/jvm/java-1.8.0-openjdk-amd64/bin
USERNAME=aluno
SHELL=/bin/bash
DISPLAY=:1

Signal Handlers:
SIGSEGV: [libjvm.so+0xa7e720], sa_mask[0]=11111111011111111101111111111110, sa_flags=SA_RESTART|SA_SIGINFO
SIGBUS: [libjvm.so+0xa7e720], sa_mask[0]=11111111011111111101111111111110, sa_flags=SA_RESTART|SA_SIGINFO
SIGFPE: [libjvm.so+0x8c7fb0], sa_mask[0]=11111111011111111101111111111110, sa_flags=SA_RESTART|SA_SIGINFO
SIGPIPE: [libjvm.so+0x8c7fb0], sa_mask[0]=11111111011111111101111111111110, sa_flags=SA_RESTART|SA_SIGINFO
SIGXFSZ: [libjvm.so+0x8c7fb0], sa_mask[0]=11111111011111111101111111111110, sa_flags=SA_RESTART|SA_SIGINFO
SIGILL: [libjvm.so+0x8c7fb0], sa_mask[0]=11111111011111111101111111111110, sa_flags=SA_RESTART|SA_SIGINFO
SIGUSR1: SIG_DFL, sa_mask[0]=00000000000000000000000000000000, sa_flags=none
SIGUSR2: [libjvm.so+0x8c7e60], sa_mask[0]=00100000000000000000000000000000, sa_flags=SA_RESTART|SA_SIGINFO
SIGHUP: [libjvm.so+0x8c84d0], sa_mask[0]=11111111011111111101111111111110, sa_flags=SA_RESTART|SA_SIGINFO
SIGINT: [libjvm.so+0x8c84d0], sa_mask[0]=11111111011111111101111111111110, sa_flags=SA_RESTART|SA_SIGINFO
SIGTERM: [libjvm.so+0x8c84d0], sa_mask[0]=11111111011111111101111111111110, sa_flags=SA_RESTART|SA_SIGINFO
SIGQUIT: [libjvm.so+0x8c84d0], sa_mask[0]=11111111011111111101111111111110, sa_flags=SA_RESTART|SA_SIGINFO


---------------  S Y S T E M  ---------------

OS:PRETTY_NAME="Debian GNU/Linux 9 (stretch)"
NAME="Debian GNU/Linux"
VERSION_ID="9"
VERSION="9 (stretch)"
VERSION_CODENAME=stretch
ID=debian
HOME_URL="https://www.debian.org/"
SUPPORT_URL="https://www.debian.org/support"
BUG_REPORT_URL="https://bugs.debian.org/"

uname:Linux 4.9.0-9-amd64 #1 SMP Debian 4.9.168-1+deb9u5 (2019-08-11) x86_64
libc:glibc 2.24 NPTL 2.24 
rlimit: STACK 8192k, CORE 0k, NPROC 27753, NOFILE 1048576, AS infinity
load average:10,84 8,08 4,34

/proc/meminfo:
MemTotal:        7193372 kB
MemFree:          120540 kB
MemAvailable:      23772 kB
Buffers:            2100 kB
Cached:           257692 kB
SwapCached:            0 kB
Active:          6579404 kB
Inactive:         230476 kB
Active(anon):    6554556 kB
Inactive(anon):   204932 kB
Active(file):      24848 kB
Inactive(file):    25544 kB
Unevictable:          16 kB
Mlocked:              16 kB
SwapTotal:             0 kB
SwapFree:              0 kB
Dirty:               212 kB
Writeback:             0 kB
AnonPages:       6550168 kB
Mapped:           188276 kB
Shmem:            209344 kB
Slab:              86016 kB
SReclaimable:      27904 kB
SUnreclaim:        58112 kB
KernelStack:       18816 kB
PageTables:        78864 kB
NFS_Unstable:          0 kB
Bounce:                0 kB
WritebackTmp:          0 kB
CommitLimit:     3596684 kB
Committed_AS:   16390748 kB
VmallocTotal:   34359738367 kB
VmallocUsed:           0 kB
VmallocChunk:          0 kB
HardwareCorrupted:     0 kB
AnonHugePages:         0 kB
ShmemHugePages:        0 kB
ShmemPmdMapped:        0 kB
HugePages_Total:       0
HugePages_Free:        0
HugePages_Rsvd:        0
HugePages_Surp:        0
Hugepagesize:       2048 kB
DirectMap4k:      203428 kB
DirectMap2M:     7118848 kB
DirectMap1G:           0 kB

container (cgroup) information:
container_type: cgroupv1
cpu_cpuset_cpus: 0-3
cpu_memory_nodes: 0
active_processor_count: 4
cpu_quota: -1
cpu_period: 100000
cpu_shares: -1
memory_limit_in_bytes: -1
memory_and_swap_limit_in_bytes: -2
memory_soft_limit_in_bytes: -1
memory_usage_in_bytes: 6589403136
memory_max_usage_in_bytes: 6596026368


CPU:total 4 (initial active 4) (4 cores per cpu, 1 threads per core) family 21 model 48 stepping 1, cmov, cx8, fxsr, mmx, sse, sse2, sse3, ssse3, sse4.1, sse4.2, popcnt, avx, aes, clmul, mmxext, 3dnowpref, lzcnt, sse4a, tsc, tscinvbit, tscinv, bmi1

/proc/cpuinfo:
processor	: 0
vendor_id	: AuthenticAMD
cpu family	: 21
model		: 48
model name	: AMD A10 PRO-7800B R7, 12 Compute Cores 4C+8G
stepping	: 1
microcode	: 0x6003106
cpu MHz		: 1400.000
cache size	: 2048 KB
physical id	: 0
siblings	: 4
core id		: 0
cpu cores	: 2
apicid		: 16
initial apicid	: 0
fpu		: yes
fpu_exception	: yes
cpuid level	: 13
wp		: yes
flags		: fpu vme de pse tsc msr pae mce cx8 apic sep mtrr pge mca cmov pat pse36 clflush mmx fxsr sse sse2 ht syscall nx mmxext fxsr_opt pdpe1gb rdtscp lm constant_tsc rep_good nopl nonstop_tsc extd_apicid aperfmperf pni pclmulqdq monitor ssse3 fma cx16 sse4_1 sse4_2 popcnt aes xsave avx f16c lahf_lm cmp_legacy svm extapic cr8_legacy abm sse4a misalignsse 3dnowprefetch osvw ibs xop skinit wdt lwp fma4 tce nodeid_msr tbm topoext perfctr_core perfctr_nb bpext ptsc cpb hw_pstate ssbd vmmcall fsgsbase bmi1 xsaveopt arat npt lbrv svm_lock nrip_save tsc_scale vmcb_clean flushbyasid decodeassists pausefilter pfthreshold overflow_recov
bugs		: fxsave_leak sysret_ss_attrs null_seg spectre_v1 spectre_v2 spec_store_bypass
bogomips	: 6986.92
TLB size	: 1536 4K pages
clflush size	: 64
cache_alignment	: 64
address sizes	: 48 bits physical, 48 bits virtual
power management: ts ttp tm 100mhzsteps hwpstate cpb eff_freq_ro [13]

processor	: 1
vendor_id	: AuthenticAMD
cpu family	: 21
model		: 48
model name	: AMD A10 PRO-7800B R7, 12 Compute Cores 4C+8G
stepping	: 1
microcode	: 0x6003106
cpu MHz		: 1900.000
cache size	: 2048 KB
physical id	: 0
siblings	: 4
core id		: 1
cpu cores	: 2
apicid		: 17
initial apicid	: 1
fpu		: yes
fpu_exception	: yes
cpuid level	: 13
wp		: yes
flags		: fpu vme de pse tsc msr pae mce cx8 apic sep mtrr pge mca cmov pat pse36 clflush mmx fxsr sse sse2 ht syscall nx mmxext fxsr_opt pdpe1gb rdtscp lm constant_tsc rep_good nopl nonstop_tsc extd_apicid aperfmperf pni pclmulqdq monitor ssse3 fma cx16 sse4_1 sse4_2 popcnt aes xsave avx f16c lahf_lm cmp_legacy svm extapic cr8_legacy abm sse4a misalignsse 3dnowprefetch osvw ibs xop skinit wdt lwp fma4 tce nodeid_msr tbm topoext perfctr_core perfctr_nb bpext ptsc cpb hw_pstate ssbd vmmcall fsgsbase bmi1 xsaveopt arat npt lbrv svm_lock nrip_save tsc_scale vmcb_clean flushbyasid decodeassists pausefilter pfthreshold overflow_recov
bugs		: fxsave_leak sysret_ss_attrs null_seg spectre_v1 spectre_v2 spec_store_bypass
bogomips	: 6986.92
TLB size	: 1536 4K pages
clflush size	: 64
cache_alignment	: 64
address sizes	: 48 bits physical, 48 bits virtual
power management: ts ttp tm 100mhzsteps hwpstate cpb eff_freq_ro [13]

processor	: 2
vendor_id	: AuthenticAMD
cpu family	: 21
model		: 48
model name	: AMD A10 PRO-7800B R7, 12 Compute Cores 4C+8G
stepping	: 1
microcode	: 0x6003106
cpu MHz		: 1400.000
cache size	: 2048 KB
physical id	: 0
siblings	: 4
core id		: 2
cpu cores	: 2
apicid		: 18
initial apicid	: 2
fpu		: yes
fpu_exception	: yes
cpuid level	: 13
wp		: yes
flags		: fpu vme de pse tsc msr pae mce cx8 apic sep mtrr pge mca cmov pat pse36 clflush mmx fxsr sse sse2 ht syscall nx mmxext fxsr_opt pdpe1gb rdtscp lm constant_tsc rep_good nopl nonstop_tsc extd_apicid aperfmperf pni pclmulqdq monitor ssse3 fma cx16 sse4_1 sse4_2 popcnt aes xsave avx f16c lahf_lm cmp_legacy svm extapic cr8_legacy abm sse4a misalignsse 3dnowprefetch osvw ibs xop skinit wdt lwp fma4 tce nodeid_msr tbm topoext perfctr_core perfctr_nb bpext ptsc cpb hw_pstate ssbd vmmcall fsgsbase bmi1 xsaveopt arat npt lbrv svm_lock nrip_save tsc_scale vmcb_clean flushbyasid decodeassists pausefilter pfthreshold overflow_recov
bugs		: fxsave_leak sysret_ss_attrs null_seg spectre_v1 spectre_v2 spec_store_bypass
bogomips	: 6986.92
TLB size	: 1536 4K pages
clflush size	: 64
cache_alignment	: 64
address sizes	: 48 bits physical, 48 bits virtual
power management: ts ttp tm 100mhzsteps hwpstate cpb eff_freq_ro [13]

processor	: 3
vendor_id	: AuthenticAMD
cpu family	: 21
model		: 48
model name	: AMD A10 PRO-7800B R7, 12 Compute Cores 4C+8G
stepping	: 1
microcode	: 0x6003106
cpu MHz		: 1400.000
cache size	: 2048 KB
physical id	: 0
siblings	: 4
core id		: 3
cpu cores	: 2
apicid		: 19
initial apicid	: 3
fpu		: yes
fpu_exception	: yes
cpuid level	: 13
wp		: yes
flags		: fpu vme de pse tsc msr pae mce cx8 apic sep mtrr pge mca cmov pat pse36 clflush mmx fxsr sse sse2 ht syscall nx mmxext fxsr_opt pdpe1gb rdtscp lm constant_tsc rep_good nopl nonstop_tsc extd_apicid aperfmperf pni pclmulqdq monitor ssse3 fma cx16 sse4_1 sse4_2 popcnt aes xsave avx f16c lahf_lm cmp_legacy svm extapic cr8_legacy abm sse4a misalignsse 3dnowprefetch osvw ibs xop skinit wdt lwp fma4 tce nodeid_msr tbm topoext perfctr_core perfctr_nb bpext ptsc cpb hw_pstate ssbd vmmcall fsgsbase bmi1 xsaveopt arat npt lbrv svm_lock nrip_save tsc_scale vmcb_clean flushbyasid decodeassists pausefilter pfthreshold overflow_recov
bugs		: fxsave_leak sysret_ss_attrs null_seg spectre_v1 spectre_v2 spec_store_bypass
bogomips	: 6986.92
TLB size	: 1536 4K pages
clflush size	: 64
cache_alignment	: 64
address sizes	: 48 bits physical, 48 bits virtual
power management: ts ttp tm 100mhzsteps hwpstate cpb eff_freq_ro [13]



Memory: 4k page, physical 7193372k(120540k free), swap 0k(0k free)

vm_info: OpenJDK 64-Bit Server VM (25.232-b09) for linux-amd64 JRE (1.8.0_232-8u232-b09-1~deb9u1-b09), built on Oct 19 2019 15:00:54 by "pbuilder" with gcc 6.3.0 20170516

time: Tue Nov 19 11:22:28 2019
timezone: -03
elapsed time: 246 seconds (0d 0h 4m 6s)

